warning: unused import: `PrimitiveTopology`
 --> src/chunk.rs:2:32
  |
2 | use bevy::render::mesh::{Mesh, PrimitiveTopology};
  |                                ^^^^^^^^^^^^^^^^^
  |
  = note: `#[warn(unused_imports)]` on by default

warning: unused import: `bevy::render::render_asset::RenderAssetUsages`
 --> src/chunk.rs:3:5
  |
3 | use bevy::render::render_asset::RenderAssetUsages;
  |     ^^^^^^^^^^^^^^^^^^^^^^^^^^^^^^^^^^^^^^^^^^^^^

warning: unused variable: `prev_state`
  --> src/chunk.rs:77:13
   |
77 |         let prev_state = managed_chunk.state;
   |             ^^^^^^^^^^ help: if this is intentional, prefix it with an underscore: `_prev_state`
   |
   = note: `#[warn(unused_variables)]` on by default

warning: unused variable: `chunk`
  --> src/chunk.rs:80:29
   |
80 |                 if let Some(chunk) = &managed_chunk.chunk {
   |                             ^^^^^ help: if this is intentional, prefix it with an underscore: `_chunk`

warning: field `pos` is never read
  --> src/chunk.rs:18:9
   |
17 | pub struct ManagedChunk {
   |            ------------ field in this struct
18 |     pub pos: (i64, i64, i64),
   |         ^^^
   |
   = note: `#[warn(dead_code)]` on by default

warning: function `setup_chunk_material` is never used
  --> src/systems.rs:25:8
   |
25 | pub fn setup_chunk_material(
   |        ^^^^^^^^^^^^^^^^^^^^

warning: variants `LOD` and `Unloaded` are never constructed
  --> src/terrain.rs:19:5
   |
17 | pub enum ChunkLodState {
   |          ------------- variants in this enum
18 |     Active,   // High detail, full mesh
19 |     LOD,      // Low detail, heightmap mesh
   |     ^^^
20 |     Unloaded, // Not loaded/generated
   |     ^^^^^^^^
   |
   = note: `ChunkLodState` has derived impls for the traits `Clone` and `Debug`, but these are intentionally ignored during dead code analysis

warning: field `lod_state` is never read
  --> src/terrain.rs:25:9
   |
23 | pub struct Chunk {
   |            ----- field in this struct
24 |     pub voxels: [[[Voxel; CHUNK_SIZE]; CHUNK_SIZE]; CHUNK_SI...
25 |     pub lod_state: ChunkLodState, // Track LOD state for thi...
   |         ^^^^^^^^^

